Disk Report - Fri Sep 26 10:51:36 AM EDT 2025
Filesystem      Size  Used Avail Use% Mounted on
tmpfs           336M  2.1M  334M   1% /run
/dev/sda2        20G   11G  8.2G  56% /
tmpfs           1.7G     0  1.7G   0% /dev/shm
tmpfs           5.0M  8.0K  5.0M   1% /run/lock
tmpfs           1.0M     0  1.0M   0% /run/credentials/systemd-journald.service
tmpfs           1.0M     0  1.0M   0% /run/credentials/systemd-resolved.service
tmpfs           1.7G   28K  1.7G   1% /tmp
tmpfs           336M  124K  336M   1% /run/user/1000
/dev/sr0        100M  100M     0 100% /media/zach/CDROM
/dev/sr1        5.9G  5.9G     0 100% /media/zach/Ubuntu 25.04 amd64
------------------------
Disk Report - Fri Sep 26 10:51:58 AM EDT 2025
Filesystem      Size  Used Avail Use% Mounted on
tmpfs           336M  2.1M  334M   1% /run
/dev/sda2        20G   11G  8.2G  56% /
tmpfs           1.7G     0  1.7G   0% /dev/shm
tmpfs           5.0M  8.0K  5.0M   1% /run/lock
tmpfs           1.0M     0  1.0M   0% /run/credentials/systemd-journald.service
tmpfs           1.0M     0  1.0M   0% /run/credentials/systemd-resolved.service
tmpfs           1.7G   28K  1.7G   1% /tmp
tmpfs           336M  124K  336M   1% /run/user/1000
/dev/sr0        100M  100M     0 100% /media/zach/CDROM
/dev/sr1        5.9G  5.9G     0 100% /media/zach/Ubuntu 25.04 amd64
------------------------
Disk Report - Fri Sep 26 10:52:04 AM EDT 2025
Filesystem      Size  Used Avail Use% Mounted on
tmpfs           336M  2.1M  334M   1% /run
/dev/sda2        20G   11G  8.2G  56% /
tmpfs           1.7G     0  1.7G   0% /dev/shm
tmpfs           5.0M  8.0K  5.0M   1% /run/lock
tmpfs           1.0M     0  1.0M   0% /run/credentials/systemd-journald.service
tmpfs           1.0M     0  1.0M   0% /run/credentials/systemd-resolved.service
tmpfs           1.7G   28K  1.7G   1% /tmp
tmpfs           336M  124K  336M   1% /run/user/1000
/dev/sr0        100M  100M     0 100% /media/zach/CDROM
/dev/sr1        5.9G  5.9G     0 100% /media/zach/Ubuntu 25.04 amd64
------------------------
